<?xml version="1.0" encoding="UTF-8"?>
<testsuite xmlns:xsi="http://www.w3.org/2001/XMLSchema-instance" xsi:noNamespaceSchemaLocation="https://maven.apache.org/surefire/maven-surefire-plugin/xsd/surefire-test-report.xsd" name="com.ren.web20.Web20ApplicationTests" time="0.03" tests="1" errors="0" skipped="0" failures="0">
  <properties>
    <property name="sun.desktop" value="windows"/>
    <property name="awt.toolkit" value="sun.awt.windows.WToolkit"/>
    <property name="file.encoding.pkg" value="sun.io"/>
    <property name="java.specification.version" value="1.8"/>
    <property name="sun.cpu.isalist" value="amd64"/>
    <property name="sun.jnu.encoding" value="GBK"/>
    <property name="java.class.path" value="D:\RenComp\gitRep\web20sch3.0_springboot\target\test-classes;D:\RenComp\gitRep\web20sch3.0_springboot\target\classes;D:\Maven\maven-repository\org\springframework\boot\spring-boot-starter-thymeleaf\2.7.8\spring-boot-starter-thymeleaf-2.7.8.jar;D:\Maven\maven-repository\org\springframework\boot\spring-boot-starter\2.7.8\spring-boot-starter-2.7.8.jar;D:\Maven\maven-repository\org\springframework\boot\spring-boot-starter-logging\2.7.8\spring-boot-starter-logging-2.7.8.jar;D:\Maven\maven-repository\ch\qos\logback\logback-classic\1.2.11\logback-classic-1.2.11.jar;D:\Maven\maven-repository\ch\qos\logback\logback-core\1.2.11\logback-core-1.2.11.jar;D:\Maven\maven-repository\org\apache\logging\log4j\log4j-to-slf4j\2.17.2\log4j-to-slf4j-2.17.2.jar;D:\Maven\maven-repository\org\apache\logging\log4j\log4j-api\2.17.2\log4j-api-2.17.2.jar;D:\Maven\maven-repository\org\slf4j\jul-to-slf4j\1.7.36\jul-to-slf4j-1.7.36.jar;D:\Maven\maven-repository\org\yaml\snakeyaml\1.30\snakeyaml-1.30.jar;D:\Maven\maven-repository\org\thymeleaf\thymeleaf-spring5\3.0.15.RELEASE\thymeleaf-spring5-3.0.15.RELEASE.jar;D:\Maven\maven-repository\org\thymeleaf\thymeleaf\3.0.15.RELEASE\thymeleaf-3.0.15.RELEASE.jar;D:\Maven\maven-repository\org\attoparser\attoparser\2.0.5.RELEASE\attoparser-2.0.5.RELEASE.jar;D:\Maven\maven-repository\org\unbescape\unbescape\1.1.6.RELEASE\unbescape-1.1.6.RELEASE.jar;D:\Maven\maven-repository\org\thymeleaf\extras\thymeleaf-extras-java8time\3.0.4.RELEASE\thymeleaf-extras-java8time-3.0.4.RELEASE.jar;D:\Maven\maven-repository\org\springframework\boot\spring-boot-starter-web\2.7.8\spring-boot-starter-web-2.7.8.jar;D:\Maven\maven-repository\org\springframework\boot\spring-boot-starter-json\2.7.8\spring-boot-starter-json-2.7.8.jar;D:\Maven\maven-repository\com\fasterxml\jackson\core\jackson-databind\2.13.4.2\jackson-databind-2.13.4.2.jar;D:\Maven\maven-repository\com\fasterxml\jackson\core\jackson-annotations\2.13.4\jackson-annotations-2.13.4.jar;D:\Maven\maven-repository\com\fasterxml\jackson\core\jackson-core\2.13.4\jackson-core-2.13.4.jar;D:\Maven\maven-repository\com\fasterxml\jackson\datatype\jackson-datatype-jdk8\2.13.4\jackson-datatype-jdk8-2.13.4.jar;D:\Maven\maven-repository\com\fasterxml\jackson\datatype\jackson-datatype-jsr310\2.13.4\jackson-datatype-jsr310-2.13.4.jar;D:\Maven\maven-repository\com\fasterxml\jackson\module\jackson-module-parameter-names\2.13.4\jackson-module-parameter-names-2.13.4.jar;D:\Maven\maven-repository\org\springframework\spring-web\5.3.25\spring-web-5.3.25.jar;D:\Maven\maven-repository\org\springframework\spring-beans\5.3.25\spring-beans-5.3.25.jar;D:\Maven\maven-repository\org\springframework\spring-webmvc\5.3.25\spring-webmvc-5.3.25.jar;D:\Maven\maven-repository\org\springframework\spring-aop\5.3.25\spring-aop-5.3.25.jar;D:\Maven\maven-repository\org\springframework\spring-context\5.3.25\spring-context-5.3.25.jar;D:\Maven\maven-repository\org\springframework\spring-expression\5.3.25\spring-expression-5.3.25.jar;D:\Maven\maven-repository\com\alibaba\druid-spring-boot-starter\1.1.20\druid-spring-boot-starter-1.1.20.jar;D:\Maven\maven-repository\com\alibaba\druid\1.1.20\druid-1.1.20.jar;D:\Maven\maven-repository\org\slf4j\slf4j-api\1.7.36\slf4j-api-1.7.36.jar;D:\Maven\maven-repository\org\springframework\boot\spring-boot-autoconfigure\2.7.8\spring-boot-autoconfigure-2.7.8.jar;D:\Maven\maven-repository\mysql\mysql-connector-java\8.0.29\mysql-connector-java-8.0.29.jar;D:\Maven\maven-repository\com\google\protobuf\protobuf-java\3.19.4\protobuf-java-3.19.4.jar;D:\Maven\maven-repository\org\mybatis\spring\boot\mybatis-spring-boot-starter\2.3.0\mybatis-spring-boot-starter-2.3.0.jar;D:\Maven\maven-repository\org\springframework\boot\spring-boot-starter-jdbc\2.7.8\spring-boot-starter-jdbc-2.7.8.jar;D:\Maven\maven-repository\com\zaxxer\HikariCP\4.0.3\HikariCP-4.0.3.jar;D:\Maven\maven-repository\org\springframework\spring-jdbc\5.3.25\spring-jdbc-5.3.25.jar;D:\Maven\maven-repository\org\springframework\spring-tx\5.3.25\spring-tx-5.3.25.jar;D:\Maven\maven-repository\org\mybatis\spring\boot\mybatis-spring-boot-autoconfigure\2.3.0\mybatis-spring-boot-autoconfigure-2.3.0.jar;D:\Maven\maven-repository\org\mybatis\mybatis\3.5.11\mybatis-3.5.11.jar;D:\Maven\maven-repository\org\mybatis\mybatis-spring\2.1.0\mybatis-spring-2.1.0.jar;D:\Maven\maven-repository\org\springframework\boot\spring-boot-devtools\2.7.8\spring-boot-devtools-2.7.8.jar;D:\Maven\maven-repository\org\springframework\boot\spring-boot\2.7.8\spring-boot-2.7.8.jar;D:\Maven\maven-repository\org\projectlombok\lombok\1.18.24\lombok-1.18.24.jar;D:\Maven\maven-repository\org\springframework\boot\spring-boot-starter-tomcat\2.7.8\spring-boot-starter-tomcat-2.7.8.jar;D:\Maven\maven-repository\jakarta\annotation\jakarta.annotation-api\1.3.5\jakarta.annotation-api-1.3.5.jar;D:\Maven\maven-repository\org\apache\tomcat\embed\tomcat-embed-core\9.0.71\tomcat-embed-core-9.0.71.jar;D:\Maven\maven-repository\org\apache\tomcat\embed\tomcat-embed-el\9.0.71\tomcat-embed-el-9.0.71.jar;D:\Maven\maven-repository\org\apache\tomcat\embed\tomcat-embed-websocket\9.0.71\tomcat-embed-websocket-9.0.71.jar;D:\Maven\maven-repository\org\springframework\boot\spring-boot-starter-test\2.7.8\spring-boot-starter-test-2.7.8.jar;D:\Maven\maven-repository\org\springframework\boot\spring-boot-test\2.7.8\spring-boot-test-2.7.8.jar;D:\Maven\maven-repository\org\springframework\boot\spring-boot-test-autoconfigure\2.7.8\spring-boot-test-autoconfigure-2.7.8.jar;D:\Maven\maven-repository\com\jayway\jsonpath\json-path\2.7.0\json-path-2.7.0.jar;D:\Maven\maven-repository\net\minidev\json-smart\2.4.8\json-smart-2.4.8.jar;D:\Maven\maven-repository\net\minidev\accessors-smart\2.4.8\accessors-smart-2.4.8.jar;D:\Maven\maven-repository\org\ow2\asm\asm\9.1\asm-9.1.jar;D:\Maven\maven-repository\jakarta\xml\bind\jakarta.xml.bind-api\2.3.3\jakarta.xml.bind-api-2.3.3.jar;D:\Maven\maven-repository\jakarta\activation\jakarta.activation-api\1.2.2\jakarta.activation-api-1.2.2.jar;D:\Maven\maven-repository\org\assertj\assertj-core\3.22.0\assertj-core-3.22.0.jar;D:\Maven\maven-repository\org\hamcrest\hamcrest\2.2\hamcrest-2.2.jar;D:\Maven\maven-repository\org\junit\jupiter\junit-jupiter\5.8.2\junit-jupiter-5.8.2.jar;D:\Maven\maven-repository\org\junit\jupiter\junit-jupiter-api\5.8.2\junit-jupiter-api-5.8.2.jar;D:\Maven\maven-repository\org\opentest4j\opentest4j\1.2.0\opentest4j-1.2.0.jar;D:\Maven\maven-repository\org\junit\platform\junit-platform-commons\1.8.2\junit-platform-commons-1.8.2.jar;D:\Maven\maven-repository\org\apiguardian\apiguardian-api\1.1.2\apiguardian-api-1.1.2.jar;D:\Maven\maven-repository\org\junit\jupiter\junit-jupiter-params\5.8.2\junit-jupiter-params-5.8.2.jar;D:\Maven\maven-repository\org\junit\jupiter\junit-jupiter-engine\5.8.2\junit-jupiter-engine-5.8.2.jar;D:\Maven\maven-repository\org\junit\platform\junit-platform-engine\1.8.2\junit-platform-engine-1.8.2.jar;D:\Maven\maven-repository\org\mockito\mockito-core\4.5.1\mockito-core-4.5.1.jar;D:\Maven\maven-repository\net\bytebuddy\byte-buddy\1.12.22\byte-buddy-1.12.22.jar;D:\Maven\maven-repository\net\bytebuddy\byte-buddy-agent\1.12.22\byte-buddy-agent-1.12.22.jar;D:\Maven\maven-repository\org\objenesis\objenesis\3.2\objenesis-3.2.jar;D:\Maven\maven-repository\org\mockito\mockito-junit-jupiter\4.5.1\mockito-junit-jupiter-4.5.1.jar;D:\Maven\maven-repository\org\skyscreamer\jsonassert\1.5.1\jsonassert-1.5.1.jar;D:\Maven\maven-repository\com\vaadin\external\google\android-json\0.0.20131108.vaadin1\android-json-0.0.20131108.vaadin1.jar;D:\Maven\maven-repository\org\springframework\spring-core\5.3.25\spring-core-5.3.25.jar;D:\Maven\maven-repository\org\springframework\spring-jcl\5.3.25\spring-jcl-5.3.25.jar;D:\Maven\maven-repository\org\springframework\spring-test\5.3.25\spring-test-5.3.25.jar;D:\Maven\maven-repository\org\xmlunit\xmlunit-core\2.9.1\xmlunit-core-2.9.1.jar;"/>
    <property name="java.vm.vendor" value="Oracle Corporation"/>
    <property name="sun.arch.data.model" value="64"/>
    <property name="user.variant" value=""/>
    <property name="java.vendor.url" value="http://java.oracle.com/"/>
    <property name="user.timezone" value="Asia/Shanghai"/>
    <property name="java.vm.specification.version" value="1.8"/>
    <property name="os.name" value="Windows 10"/>
    <property name="user.country" value="CN"/>
    <property name="sun.java.launcher" value="SUN_STANDARD"/>
    <property name="sun.boot.library.path" value="D:\IDEA\JAVApj\jdk8\jdk1.8.0_291\jre\bin"/>
    <property name="sun.java.command" value="C:\Users\machs\AppData\Local\Temp\surefire6458454801560809263\surefirebooter8229389359307607854.jar C:\Users\machs\AppData\Local\Temp\surefire6458454801560809263 2023-02-25T15-59-18_099-jvmRun1 surefire3337674359875454757tmp surefire_01611666178976633556tmp"/>
    <property name="surefire.test.class.path" value="D:\RenComp\gitRep\web20sch3.0_springboot\target\test-classes;D:\RenComp\gitRep\web20sch3.0_springboot\target\classes;D:\Maven\maven-repository\org\springframework\boot\spring-boot-starter-thymeleaf\2.7.8\spring-boot-starter-thymeleaf-2.7.8.jar;D:\Maven\maven-repository\org\springframework\boot\spring-boot-starter\2.7.8\spring-boot-starter-2.7.8.jar;D:\Maven\maven-repository\org\springframework\boot\spring-boot-starter-logging\2.7.8\spring-boot-starter-logging-2.7.8.jar;D:\Maven\maven-repository\ch\qos\logback\logback-classic\1.2.11\logback-classic-1.2.11.jar;D:\Maven\maven-repository\ch\qos\logback\logback-core\1.2.11\logback-core-1.2.11.jar;D:\Maven\maven-repository\org\apache\logging\log4j\log4j-to-slf4j\2.17.2\log4j-to-slf4j-2.17.2.jar;D:\Maven\maven-repository\org\apache\logging\log4j\log4j-api\2.17.2\log4j-api-2.17.2.jar;D:\Maven\maven-repository\org\slf4j\jul-to-slf4j\1.7.36\jul-to-slf4j-1.7.36.jar;D:\Maven\maven-repository\org\yaml\snakeyaml\1.30\snakeyaml-1.30.jar;D:\Maven\maven-repository\org\thymeleaf\thymeleaf-spring5\3.0.15.RELEASE\thymeleaf-spring5-3.0.15.RELEASE.jar;D:\Maven\maven-repository\org\thymeleaf\thymeleaf\3.0.15.RELEASE\thymeleaf-3.0.15.RELEASE.jar;D:\Maven\maven-repository\org\attoparser\attoparser\2.0.5.RELEASE\attoparser-2.0.5.RELEASE.jar;D:\Maven\maven-repository\org\unbescape\unbescape\1.1.6.RELEASE\unbescape-1.1.6.RELEASE.jar;D:\Maven\maven-repository\org\thymeleaf\extras\thymeleaf-extras-java8time\3.0.4.RELEASE\thymeleaf-extras-java8time-3.0.4.RELEASE.jar;D:\Maven\maven-repository\org\springframework\boot\spring-boot-starter-web\2.7.8\spring-boot-starter-web-2.7.8.jar;D:\Maven\maven-repository\org\springframework\boot\spring-boot-starter-json\2.7.8\spring-boot-starter-json-2.7.8.jar;D:\Maven\maven-repository\com\fasterxml\jackson\core\jackson-databind\2.13.4.2\jackson-databind-2.13.4.2.jar;D:\Maven\maven-repository\com\fasterxml\jackson\core\jackson-annotations\2.13.4\jackson-annotations-2.13.4.jar;D:\Maven\maven-repository\com\fasterxml\jackson\core\jackson-core\2.13.4\jackson-core-2.13.4.jar;D:\Maven\maven-repository\com\fasterxml\jackson\datatype\jackson-datatype-jdk8\2.13.4\jackson-datatype-jdk8-2.13.4.jar;D:\Maven\maven-repository\com\fasterxml\jackson\datatype\jackson-datatype-jsr310\2.13.4\jackson-datatype-jsr310-2.13.4.jar;D:\Maven\maven-repository\com\fasterxml\jackson\module\jackson-module-parameter-names\2.13.4\jackson-module-parameter-names-2.13.4.jar;D:\Maven\maven-repository\org\springframework\spring-web\5.3.25\spring-web-5.3.25.jar;D:\Maven\maven-repository\org\springframework\spring-beans\5.3.25\spring-beans-5.3.25.jar;D:\Maven\maven-repository\org\springframework\spring-webmvc\5.3.25\spring-webmvc-5.3.25.jar;D:\Maven\maven-repository\org\springframework\spring-aop\5.3.25\spring-aop-5.3.25.jar;D:\Maven\maven-repository\org\springframework\spring-context\5.3.25\spring-context-5.3.25.jar;D:\Maven\maven-repository\org\springframework\spring-expression\5.3.25\spring-expression-5.3.25.jar;D:\Maven\maven-repository\com\alibaba\druid-spring-boot-starter\1.1.20\druid-spring-boot-starter-1.1.20.jar;D:\Maven\maven-repository\com\alibaba\druid\1.1.20\druid-1.1.20.jar;D:\Maven\maven-repository\org\slf4j\slf4j-api\1.7.36\slf4j-api-1.7.36.jar;D:\Maven\maven-repository\org\springframework\boot\spring-boot-autoconfigure\2.7.8\spring-boot-autoconfigure-2.7.8.jar;D:\Maven\maven-repository\mysql\mysql-connector-java\8.0.29\mysql-connector-java-8.0.29.jar;D:\Maven\maven-repository\com\google\protobuf\protobuf-java\3.19.4\protobuf-java-3.19.4.jar;D:\Maven\maven-repository\org\mybatis\spring\boot\mybatis-spring-boot-starter\2.3.0\mybatis-spring-boot-starter-2.3.0.jar;D:\Maven\maven-repository\org\springframework\boot\spring-boot-starter-jdbc\2.7.8\spring-boot-starter-jdbc-2.7.8.jar;D:\Maven\maven-repository\com\zaxxer\HikariCP\4.0.3\HikariCP-4.0.3.jar;D:\Maven\maven-repository\org\springframework\spring-jdbc\5.3.25\spring-jdbc-5.3.25.jar;D:\Maven\maven-repository\org\springframework\spring-tx\5.3.25\spring-tx-5.3.25.jar;D:\Maven\maven-repository\org\mybatis\spring\boot\mybatis-spring-boot-autoconfigure\2.3.0\mybatis-spring-boot-autoconfigure-2.3.0.jar;D:\Maven\maven-repository\org\mybatis\mybatis\3.5.11\mybatis-3.5.11.jar;D:\Maven\maven-repository\org\mybatis\mybatis-spring\2.1.0\mybatis-spring-2.1.0.jar;D:\Maven\maven-repository\org\springframework\boot\spring-boot-devtools\2.7.8\spring-boot-devtools-2.7.8.jar;D:\Maven\maven-repository\org\springframework\boot\spring-boot\2.7.8\spring-boot-2.7.8.jar;D:\Maven\maven-repository\org\projectlombok\lombok\1.18.24\lombok-1.18.24.jar;D:\Maven\maven-repository\org\springframework\boot\spring-boot-starter-tomcat\2.7.8\spring-boot-starter-tomcat-2.7.8.jar;D:\Maven\maven-repository\jakarta\annotation\jakarta.annotation-api\1.3.5\jakarta.annotation-api-1.3.5.jar;D:\Maven\maven-repository\org\apache\tomcat\embed\tomcat-embed-core\9.0.71\tomcat-embed-core-9.0.71.jar;D:\Maven\maven-repository\org\apache\tomcat\embed\tomcat-embed-el\9.0.71\tomcat-embed-el-9.0.71.jar;D:\Maven\maven-repository\org\apache\tomcat\embed\tomcat-embed-websocket\9.0.71\tomcat-embed-websocket-9.0.71.jar;D:\Maven\maven-repository\org\springframework\boot\spring-boot-starter-test\2.7.8\spring-boot-starter-test-2.7.8.jar;D:\Maven\maven-repository\org\springframework\boot\spring-boot-test\2.7.8\spring-boot-test-2.7.8.jar;D:\Maven\maven-repository\org\springframework\boot\spring-boot-test-autoconfigure\2.7.8\spring-boot-test-autoconfigure-2.7.8.jar;D:\Maven\maven-repository\com\jayway\jsonpath\json-path\2.7.0\json-path-2.7.0.jar;D:\Maven\maven-repository\net\minidev\json-smart\2.4.8\json-smart-2.4.8.jar;D:\Maven\maven-repository\net\minidev\accessors-smart\2.4.8\accessors-smart-2.4.8.jar;D:\Maven\maven-repository\org\ow2\asm\asm\9.1\asm-9.1.jar;D:\Maven\maven-repository\jakarta\xml\bind\jakarta.xml.bind-api\2.3.3\jakarta.xml.bind-api-2.3.3.jar;D:\Maven\maven-repository\jakarta\activation\jakarta.activation-api\1.2.2\jakarta.activation-api-1.2.2.jar;D:\Maven\maven-repository\org\assertj\assertj-core\3.22.0\assertj-core-3.22.0.jar;D:\Maven\maven-repository\org\hamcrest\hamcrest\2.2\hamcrest-2.2.jar;D:\Maven\maven-repository\org\junit\jupiter\junit-jupiter\5.8.2\junit-jupiter-5.8.2.jar;D:\Maven\maven-repository\org\junit\jupiter\junit-jupiter-api\5.8.2\junit-jupiter-api-5.8.2.jar;D:\Maven\maven-repository\org\opentest4j\opentest4j\1.2.0\opentest4j-1.2.0.jar;D:\Maven\maven-repository\org\junit\platform\junit-platform-commons\1.8.2\junit-platform-commons-1.8.2.jar;D:\Maven\maven-repository\org\apiguardian\apiguardian-api\1.1.2\apiguardian-api-1.1.2.jar;D:\Maven\maven-repository\org\junit\jupiter\junit-jupiter-params\5.8.2\junit-jupiter-params-5.8.2.jar;D:\Maven\maven-repository\org\junit\jupiter\junit-jupiter-engine\5.8.2\junit-jupiter-engine-5.8.2.jar;D:\Maven\maven-repository\org\junit\platform\junit-platform-engine\1.8.2\junit-platform-engine-1.8.2.jar;D:\Maven\maven-repository\org\mockito\mockito-core\4.5.1\mockito-core-4.5.1.jar;D:\Maven\maven-repository\net\bytebuddy\byte-buddy\1.12.22\byte-buddy-1.12.22.jar;D:\Maven\maven-repository\net\bytebuddy\byte-buddy-agent\1.12.22\byte-buddy-agent-1.12.22.jar;D:\Maven\maven-repository\org\objenesis\objenesis\3.2\objenesis-3.2.jar;D:\Maven\maven-repository\org\mockito\mockito-junit-jupiter\4.5.1\mockito-junit-jupiter-4.5.1.jar;D:\Maven\maven-repository\org\skyscreamer\jsonassert\1.5.1\jsonassert-1.5.1.jar;D:\Maven\maven-repository\com\vaadin\external\google\android-json\0.0.20131108.vaadin1\android-json-0.0.20131108.vaadin1.jar;D:\Maven\maven-repository\org\springframework\spring-core\5.3.25\spring-core-5.3.25.jar;D:\Maven\maven-repository\org\springframework\spring-jcl\5.3.25\spring-jcl-5.3.25.jar;D:\Maven\maven-repository\org\springframework\spring-test\5.3.25\spring-test-5.3.25.jar;D:\Maven\maven-repository\org\xmlunit\xmlunit-core\2.9.1\xmlunit-core-2.9.1.jar;"/>
    <property name="sun.cpu.endian" value="little"/>
    <property name="user.home" value="C:\Users\machs"/>
    <property name="user.language" value="zh"/>
    <property name="java.specification.vendor" value="Oracle Corporation"/>
    <property name="java.home" value="D:\IDEA\JAVApj\jdk8\jdk1.8.0_291\jre"/>
    <property name="basedir" value="D:\RenComp\gitRep\web20sch3.0_springboot"/>
    <property name="file.separator" value="\"/>
    <property name="line.separator" value="&#10;"/>
    <property name="java.vm.specification.vendor" value="Oracle Corporation"/>
    <property name="java.specification.name" value="Java Platform API Specification"/>
    <property name="java.awt.graphicsenv" value="sun.awt.Win32GraphicsEnvironment"/>
    <property name="idea.version2020.1.2" value="true"/>
    <property name="surefire.real.class.path" value="C:\Users\machs\AppData\Local\Temp\surefire6458454801560809263\surefirebooter8229389359307607854.jar"/>
    <property name="sun.boot.class.path" value="D:\IDEA\JAVApj\jdk8\jdk1.8.0_291\jre\lib\resources.jar;D:\IDEA\JAVApj\jdk8\jdk1.8.0_291\jre\lib\rt.jar;D:\IDEA\JAVApj\jdk8\jdk1.8.0_291\jre\lib\sunrsasign.jar;D:\IDEA\JAVApj\jdk8\jdk1.8.0_291\jre\lib\jsse.jar;D:\IDEA\JAVApj\jdk8\jdk1.8.0_291\jre\lib\jce.jar;D:\IDEA\JAVApj\jdk8\jdk1.8.0_291\jre\lib\charsets.jar;D:\IDEA\JAVApj\jdk8\jdk1.8.0_291\jre\lib\jfr.jar;D:\IDEA\JAVApj\jdk8\jdk1.8.0_291\jre\classes"/>
    <property name="user.script" value=""/>
    <property name="sun.management.compiler" value="HotSpot 64-Bit Tiered Compilers"/>
    <property name="java.runtime.version" value="1.8.0_291-b10"/>
    <property name="user.name" value="machsh"/>
    <property name="path.separator" value=";"/>
    <property name="os.version" value="10.0"/>
    <property name="java.endorsed.dirs" value="D:\IDEA\JAVApj\jdk8\jdk1.8.0_291\jre\lib\endorsed"/>
    <property name="java.runtime.name" value="Java(TM) SE Runtime Environment"/>
    <property name="file.encoding" value="GBK"/>
    <property name="java.vm.name" value="Java HotSpot(TM) 64-Bit Server VM"/>
    <property name="localRepository" value="D:\Maven\maven-repository"/>
    <property name="java.vendor.url.bug" value="http://bugreport.sun.com/bugreport/"/>
    <property name="java.io.tmpdir" value="C:\Users\machs\AppData\Local\Temp\"/>
    <property name="java.version" value="1.8.0_291"/>
    <property name="user.dir" value="D:\RenComp\gitRep\web20sch3.0_springboot"/>
    <property name="os.arch" value="amd64"/>
    <property name="java.vm.specification.name" value="Java Virtual Machine Specification"/>
    <property name="java.awt.printerjob" value="sun.awt.windows.WPrinterJob"/>
    <property name="sun.os.patch.level" value=""/>
    <property name="java.library.path" value="D:\IDEA\JAVApj\jdk8\jdk1.8.0_291\jre\bin;C:\WINDOWS\Sun\Java\bin;C:\WINDOWS\system32;C:\WINDOWS;D:\VMware\bin\;C:\WINDOWS\system32;C:\WINDOWS;C:\WINDOWS\System32\Wbem;C:\WINDOWS\System32\WindowsPowerShell\v1.0\;OpenSSH\;D:\Git\cmd;D:\Bandizip\;C:\ProgramData\Microsoft\Windows\Start Menu\Programs\Git\cmd;C:\Program Files (x86)\NVIDIA Corporation\PhysX\Common;D:\IDEA\JAVApj\jdk8\jdk1.8.0_291\bin;D:\IDEA\JAVApj\jdk8\jdk1.8.0_291\jre\bin;D:\MySQL\mysql-8.0.30-winx64\bin;D:\MySQL\mysql-8.0.30-winx64;D:\TomCat\apache-tomcat-8.5.82\lib;D:\TomCat\apache-tomcat-8.5.82\lib\servlet-api.jar;D:\TomCat\apache-tomcat-8.5.82\lib\jsp-api.jar;D:\TomCat\apache-tomcat-8.5.82\bin;D:\Maven\apache-maven-3.6.3\bin;%PYTHON_HOME%\;%PYTHON_HOME%\Scripts\;%PYTHON_HOME%\Launcher;D:\Nginx\nginx-1.22.1;D:\nodejs\node_global;D:\nodejs;C:\Users\machs\AppData\Local\Microsoft\WindowsApps;;D:\Microsoft VS Code\bin;C:\Users\machs\AppData\Roaming\npm;."/>
    <property name="java.vm.info" value="mixed mode"/>
    <property name="java.vendor" value="Oracle Corporation"/>
    <property name="java.vm.version" value="25.291-b10"/>
    <property name="java.ext.dirs" value="D:\IDEA\JAVApj\jdk8\jdk1.8.0_291\jre\lib\ext;C:\WINDOWS\Sun\Java\lib\ext"/>
    <property name="sun.io.unicode.encoding" value="UnicodeLittle"/>
    <property name="maven.repo.local" value="D:\Maven\maven-repository"/>
    <property name="java.class.version" value="52.0"/>
  </properties>
  <testcase name="contextLoads" classname="com.ren.web20.Web20ApplicationTests" time="0"/>
</testsuite>